make[1]: entrant dans le répertoire « /info/nouveaux/miong/Embarque/TP3/benchmark/lmbench-3.0-a9/results »

                 L M B E N C H  3 . 0   S U M M A R Y
                 ------------------------------------
		 (Alpha software, do not distribute)

Basic system parameters
------------------------------------------------------------------------------
Host                 OS Description              Mhz  tlb  cache  mem   scal
                                                     pages line   par   load
                                                           bytes  
--------- ------------- ----------------------- ---- ----- ----- ------ ----
bring-it  Linux 3.2.0-4        x86_64-linux-gnu 3392                       1

Processor, Processes - times in microseconds - smaller is better
------------------------------------------------------------------------------
Host                 OS  Mhz null null      open slct sig  sig  fork exec sh  
                             call  I/O stat clos TCP  inst hndl proc proc proc
--------- ------------- ---- ---- ---- ---- ---- ---- ---- ---- ---- ---- ----
bring-it  Linux 3.2.0-4 3392 0.04 0.08 0.66 355. 2.22 0.12 0.83 155. 2306 4747

Basic integer operations - times in nanoseconds - smaller is better
-------------------------------------------------------------------
Host                 OS  intgr intgr  intgr  intgr  intgr  
                          bit   add    mul    div    mod   
--------- ------------- ------ ------ ------ ------ ------ 
bring-it  Linux 3.2.0-4 0.3000 0.1500 0.8900 6.3800 6.8700

Basic uint64 operations - times in nanoseconds - smaller is better
------------------------------------------------------------------
Host                 OS int64  int64  int64  int64  int64  
                         bit    add    mul    div    mod   
--------- ------------- ------ ------ ------ ------ ------ 
bring-it  Linux 3.2.0-4  0.300        0.8900   12.6   12.4

Basic float operations - times in nanoseconds - smaller is better
-----------------------------------------------------------------
Host                 OS  float  float  float  float
                         add    mul    div    bogo
--------- ------------- ------ ------ ------ ------ 
bring-it  Linux 3.2.0-4 0.8900 1.4800 4.0000 2.0700

Basic double operations - times in nanoseconds - smaller is better
------------------------------------------------------------------
Host                 OS  double double double double
                         add    mul    div    bogo
--------- ------------- ------  ------ ------ ------ 
bring-it  Linux 3.2.0-4 0.8900 1.4800 6.0600 4.1300

Context switching - times in microseconds - smaller is better
-------------------------------------------------------------------------
Host                 OS  2p/0K 2p/16K 2p/64K 8p/16K 8p/64K 16p/16K 16p/64K
                         ctxsw  ctxsw  ctxsw ctxsw  ctxsw   ctxsw   ctxsw
--------- ------------- ------ ------ ------ ------ ------ ------- -------
bring-it  Linux 3.2.0-4 3.4900 4.1300 5.9600 4.4200 6.9000 4.55000 7.12000

*Local* Communication latencies in microseconds - smaller is better
---------------------------------------------------------------------
Host                 OS 2p/0K  Pipe AF     UDP  RPC/   TCP  RPC/ TCP
                        ctxsw       UNIX         UDP         TCP conn
--------- ------------- ----- ----- ---- ----- ----- ----- ----- ----
bring-it  Linux 3.2.0-4 3.490 7.906 6.83  14.2        18.6        12.

*Remote* Communication latencies in microseconds - smaller is better
---------------------------------------------------------------------
Host                 OS   UDP  RPC/  TCP   RPC/ TCP
                               UDP         TCP  conn
--------- ------------- ----- ----- ----- ----- ----
bring-it  Linux 3.2.0-4                             

File & VM system latencies in microseconds - smaller is better
-------------------------------------------------------------------------------
Host                 OS   0K File      10K File     Mmap    Prot   Page   100fd
                        Create Delete Create Delete Latency Fault  Fault  selct
--------- ------------- ------ ------ ------ ------ ------- ----- ------- -----
bring-it  Linux 3.2.0-4  174.1   88.0  194.1   89.4   28.7K 0.218    31.2 1.025

*Local* Communication bandwidths in MB/s - bigger is better
-----------------------------------------------------------------------------
Host                OS  Pipe AF    TCP  File   Mmap  Bcopy  Bcopy  Mem   Mem
                             UNIX      reread reread (libc) (hand) read write
--------- ------------- ---- ---- ---- ------ ------ ------ ------ ---- -----
bring-it  Linux 3.2.0-4 3720 12.K 5508 2087.3  11.2K 3339.9 3357.0 10.K 4894.

Memory latencies in nanoseconds - smaller is better
    (WARNING - may not be correct, check graphs)
------------------------------------------------------------------------------
Host                 OS   Mhz   L1 $   L2 $    Main mem    Rand mem    Guesses
--------- -------------   ---   ----   ----    --------    --------    -------
bring-it  Linux 3.2.0-4  3392 1.1800 3.5390        15.1       111.2
make[1]: quittant le répertoire « /info/nouveaux/miong/Embarque/TP3/benchmark/lmbench-3.0-a9/results »
